<?xml version="1.0" encoding="UTF-8"?>
<!-- Generated by org.testng.reporters.JUnitReportReporter -->
<testsuite hostname="IN-IT1002" name="com.technocredits.testscripts.TestScreenShot" tests="1" failures="0" timestamp="25 Nov 2018 09:19:55 GMT" time="14.271" errors="0">
  <testcase name="doTest" time="14.271" classname="com.technocredits.testscripts.TestScreenShot"/>
</testsuite> <!-- com.technocredits.testscripts.TestScreenShot -->
